<?xml version="1.0" encoding="UTF-8"?>
<testng-results ignored="0" total="1" passed="1" failed="0" skipped="0">
  <reporter-output>
  </reporter-output>
  <suite started-at="2018-09-30T03:08:54Z" name="Failed suite [Default suite]" finished-at="2018-09-30T03:09:08Z" duration-ms="13424">
    <groups>
    </groups>
    <test started-at="2018-09-30T03:08:54Z" name="Default test(failed)" finished-at="2018-09-30T03:09:08Z" duration-ms="13424">
      <class name="com.test.common.Driver">
        <test-method signature="testcases()[pri:0, instance:com.test.common.Driver@23e84203]" started-at="2018-09-30T03:08:55Z" name="testcases" finished-at="2018-09-30T03:09:07Z" duration-ms="12870" status="PASS">
          <reporter-output>
          </reporter-output>
        </test-method> <!-- testcases -->
        <test-method is-config="true" signature="getResult(org.testng.ITestResult)[pri:0, instance:com.test.common.Driver@23e84203]" started-at="2018-09-30T03:09:07Z" name="getResult" finished-at="2018-09-30T03:09:08Z" duration-ms="509" status="PASS">
          <params>
            <param index="0">
              <value>
                <![CDATA[[TestResult name=testcases status=SUCCESS method=Driver.testcases()[pri:0, instance:com.test.common.Driver@23e84203] output={null}]]]>
              </value>
            </param>
          </params>
          <reporter-output>
          </reporter-output>
        </test-method> <!-- getResult -->
      </class> <!-- com.test.common.Driver -->
    </test> <!-- Default test(failed) -->
  </suite> <!-- Failed suite [Default suite] -->
</testng-results>
